INFO [2017-01-18 07:48:22] [[1]]
INFO [2017-01-18 07:48:22] VENN.LIST
INFO [2017-01-18 07:48:22] 
INFO [2017-01-18 07:48:22] [[2]]
INFO [2017-01-18 07:48:22] NULL
INFO [2017-01-18 07:48:22] 
INFO [2017-01-18 07:48:22] $fill
INFO [2017-01-18 07:48:22] c("darkmagenta", "darkblue")
INFO [2017-01-18 07:48:22] 
INFO [2017-01-18 07:48:22] $alpha
INFO [2017-01-18 07:48:22] c(0.5, 0.5)
INFO [2017-01-18 07:48:22] 
INFO [2017-01-18 07:48:22] $cex
INFO [2017-01-18 07:48:22] [1] 2
INFO [2017-01-18 07:48:22] 
INFO [2017-01-18 07:48:22] $cat.fontface
INFO [2017-01-18 07:48:22] [1] 4
INFO [2017-01-18 07:48:22] 
INFO [2017-01-18 07:48:22] $category.names
INFO [2017-01-18 07:48:22] c("A", "B")
INFO [2017-01-18 07:48:22] 
INFO [2017-01-18 07:48:22] $main
INFO [2017-01-18 07:48:22] [1] "Random Gene Lists"
INFO [2017-01-18 07:48:22] 
