                                                           The SAS System                            20:25 Friday, April 7, 2017   1

                                                       The CONTENTS Procedure

                           Data Set Name        DISSERT.DISS1                 Observations          4902 
                           Member Type          DATA                          Variables             3518 
                           Engine               V9                            Indexes               0    
                           Created              04/01/2017 16:31:11           Observation Length    13208
                           Last Modified        04/01/2017 16:31:11           Deleted Observations  0    
                           Protection                                         Compressed            NO   
                           Data Set Type                                      Sorted                NO   
                           Label                                                                         
                           Data Representation  WINDOWS_64                                               
                           Encoding             wlatin1  Western (Windows)                               
                                                           The SAS System                            20:25 Friday, April 7, 2017   2

                                                         The FREQ Procedure

                                                                       Cumulative    Cumulative
                                    miss_n    Frequency     Percent     Frequency      Percent
                                    -----------------------------------------------------------
                                         0        1059       21.60          1059        21.60  
                                         1         510       10.40          1569        32.01  
                                         2         157        3.20          1726        35.21  
                                         3         211        4.30          1937        39.51  
                                         4         172        3.51          2109        43.02  
                                         5         382        7.79          2491        50.82  
                                         6          69        1.41          2560        52.22  
                                         7          38        0.78          2598        53.00  
                                         8         238        4.86          2836        57.85  
                                         9          60        1.22          2896        59.08  
                                        10          13        0.27          2909        59.34  
                                        11          42        0.86          2951        60.20  
                                        12          52        1.06          3003        61.26  
                                        13         262        5.34          3265        66.61  
                                        14         892       18.20          4157        84.80  
                                        15         331        6.75          4488        91.55  
                                        16          80        1.63          4568        93.19  
                                        17         179        3.65          4747        96.84  
                                        18         126        2.57          4873        99.41  
                                        19          24        0.49          4897        99.90  
                                        20           4        0.08          4901        99.98  
                                        21           1        0.02          4902       100.00  
                                                             Var check                               20:25 Friday, April 7, 2017   3

                                                        The MEANS Procedure

                                                                          N
 Variable    Label                                                  N  Miss          Mean           Sum       Minimum       Maximum
 ----------------------------------------------------------------------------------------------------------------------------------
 time                                                            1623     0    36.0475847      58505.23     1.3000000    64.7100000
 work                                                            1544    79     0.2720207   420.0000000             0     1.0000000
 bied                                                            1553    70     0.4855119   754.0000000             0     1.0000000
 white                                                           1590    33     0.8572327       1363.00             0     1.0000000
 nobfexp                                                         1584    39     0.2929293   464.0000000             0     1.0000000
 P31         P31. Month expect to completely stop breastfeeding  1511   112    10.9252151      16508.00     1.0000000    48.0000000
 careplan                                                        1613    10     0.7929324       1279.00             0     2.0000000
 ret                                                             1609    14     0.2995649   482.0000000             0     1.0000000
 earlyprac                                                       1573    50     3.1122060       4895.50             0     7.0000000
 noprohelp                                                       1608    15     0.3669154   590.0000000             0     1.0000000
 infageret                                                       1412   211     8.2433428      11639.60             0     9.0000000
 mbsep1                                                          1535    88     0.1547231   237.5000000             0     1.0000000
 wenvir                                                          1374   249     0.3304221   454.0000000             0     8.0000000
 no2worksup                                                      1406   217     0.0433855    61.0000000             0     1.0000000
 event1                                                          1623     0     0.5354282   869.0000000             0     1.0000000
 INCOME      Income. Household income                            1623     0    44.8428835      72780.00    31.0000000    57.0000000
 lpt                                                             1623     0     0.0345040    56.0000000             0     1.0000000
 M2BFED      M2BFed. Breastfeeding at month 2 Survey             1623     0     1.0000000       1623.00     1.0000000     1.0000000
 MARITAL     Marital. Marital status                             1556    67     1.5057841       2343.00     1.0000000     5.0000000
 EDUC        Educ. Education                                     1553    70     5.4526722       8468.00     1.0000000     7.0000000
 P9          P9. Mother's Age                                    1623     0    29.6155268      48066.00    18.0000000    47.0000000
 N34         N34. Pain while breastfeeding 1st 2 wks             1614     9     1.2112763       1955.00     1.0000000     2.0000000
 ----------------------------------------------------------------------------------------------------------------------------------
                                                             Var check                               20:25 Friday, April 7, 2017   4

                                                        The MEANS Procedure

  Variable     Label                                                      N    N Miss           Mean            Sum        Minimum
  --------------------------------------------------------------------------------------------------------------------------------
  time                                                              1623000         0     36.0475847    58505230.00      1.3000000
  work                                                              1623000         0      0.2702917      438683.42     -1.1747080
  bied                                                              1623000         0      0.4818313      782012.26     -1.8144673
  white                                                             1623000         0      0.8563055     1389783.89     -0.7877072
  nobfexp                                                           1623000         0      0.2937398      476739.75     -1.8046811
  P31          P31. Month expect to completely stop breastfeeding   1623000         0     10.9526009    17776071.31     -9.0347968
  careplan                                                          1623000         0      0.7925588     1286322.89     -2.4291292
  ret                                                               1623000         0      0.2992467      485677.44     -1.4061944
  earlyprac                                                         1623000         0      3.1121268     5050981.72     -2.9515270
  noprohelp                                                         1623000         0      0.3665382      594891.49     -1.5692909
  infageret                                                         1623000         0      8.2258127    13350493.96     -0.4878958
  mbsep1                                                            1623000         0      0.1554466      252289.83     -0.9645462
  wenvir                                                            1623000         0      0.3468643      562960.79     -3.1120462
  no2worksup                                                        1623000         0      0.0456587       74104.07     -1.0518803
  event1                                                            1623000         0      0.5354282      869000.00              0
  INCOME       Income. Household income                             1623000         0     44.8428835    72780000.00     31.0000000
  lpt                                                               1623000         0      0.0345040       56000.00              0
  M2BFED       M2BFed. Breastfeeding at month 2 Survey              1623000         0      1.0000000     1623000.00      1.0000000
  MARITAL      Marital. Marital status                              1623000         0      1.5179302     2463600.77     -3.8727477
  EDUC         Educ. Education                                      1623000         0      5.4455579     8838140.42      1.0000000
  P9           P9. Mother's Age                                     1623000         0     29.6155268    48066000.00     18.0000000
  N34          N34. Pain while breastfeeding 1st 2 wks              1623000         0      1.2113741     1966060.23     -0.3186797
  --------------------------------------------------------------------------------------------------------------------------------

                           Variable     Label                                                     Maximum
                           ------------------------------------------------------------------------------
                           time                                                                64.7100000
                           work                                                                 2.2393669
                           bied                                                                 2.4051713
                           white                                                                2.3287173
                           nobfexp                                                              2.3353092
                           P31          P31. Month expect to completely stop breastfeeding     48.0000000
                           careplan                                                             4.4138819
                           ret                                                                  2.1595075
                           earlyprac                                                            9.3298823
                           noprohelp                                                            2.1707904
                           infageret                                                           15.3527302
                           mbsep1                                                               1.5211981
                           wenvir                                                               8.0000000
                           no2worksup                                                           1.2497153
                           event1                                                               1.0000000
                           INCOME       Income. Household income                               57.0000000
                           lpt                                                                  1.0000000
                           M2BFED       M2BFed. Breastfeeding at month 2 Survey                 1.0000000
                           MARITAL      Marital. Marital status                                 8.1339232
                           EDUC         Educ. Education                                         9.0464101
                           P9           P9. Mother's Age                                       47.0000000
                           N34          N34. Pain while breastfeeding 1st 2 wks                 2.8176158
                           ------------------------------------------------------------------------------
                                                             Var check                               20:25 Friday, April 7, 2017   5

                                                      The UNIVARIATE Procedure
                                               Variable:  ps  (Estimated Probability)

                                                              Moments

                                  N                     2951000    Sum Weights            2951000
                                  Mean               0.63242294    Sum Observations    1866280.09
                                  Std Deviation      0.15222427    Variance            0.02317223
                                  Skewness           -0.6685634    Kurtosis            -0.2037572
                                  Uncorrected SS     1248659.56    Corrected SS        68381.2218
                                  Coeff Variation    24.0700107    Std Error Mean      0.00008861


                                                     Basic Statistical Measures
 
                                           Location                    Variability

                                       Mean     0.632423     Std Deviation            0.15222
                                       Median   0.669398     Variance                 0.02317
                                       Mode     0.670639     Range                    0.89779
                                                             Interquartile Range      0.23221

                             Note: The mode displayed is the smallest of 1000 modes with a count of 55.


                                                     Tests for Location: Mu0=0
 
                                          Test           -Statistic-    -----p Value------

                                          Student's t    t  7136.879    Pr > |t|    <.0001
                                          Sign           M   1475500    Pr >= |M|   <.0001
                                          Signed Rank    S  2.177E12    Pr >= |S|   <.0001


                                                      Quantiles (Definition 5)
 
                                                      Level           Quantile

                                                      100% Max       0.9625639
                                                      99%            0.8621410
                                                      95%            0.8465152
                                                      90%            0.7959790
                                                      75% Q3         0.7654547
                                                      50% Median     0.6693984
                                                      25% Q1         0.5332426
                                                      10%            0.4021026
                                                      5%             0.3480855
                                                      1%             0.2403265
                                                      0% Min         0.0647693


                                                             Var check                               20:25 Friday, April 7, 2017   6

                                                      The UNIVARIATE Procedure
                                               Variable:  ps  (Estimated Probability)

                                                        Extreme Observations
 
                                           -------Lowest------        ------Highest-----
 
                                                Value      Obs            Value      Obs

                                            0.0647693   2.49E6         0.948924   567452
                                            0.0649994   1.56E6         0.954162   1.57E6
                                            0.0747529   2.54E6         0.956504   308301
                                            0.0753893   209865         0.958869   2.92E6
                                            0.0759558   2.82E6         0.962564   753618
                                                             Var check                               20:25 Friday, April 7, 2017   7

                                                      The UNIVARIATE Procedure
                                               Variable:  ps  (Estimated Probability)

                                                              Moments

                                  N                     2951000    Sum Weights            2951000
                                  Mean               0.63242294    Sum Observations    1866280.09
                                  Std Deviation      0.15222427    Variance            0.02317223
                                  Skewness           -0.6685634    Kurtosis            -0.2037572
                                  Uncorrected SS     1248659.56    Corrected SS        68381.2218
                                  Coeff Variation    24.0700107    Std Error Mean      0.00008861


                                                     Basic Statistical Measures
 
                                           Location                    Variability

                                       Mean     0.632423     Std Deviation            0.15222
                                       Median   0.669398     Variance                 0.02317
                                       Mode     0.670639     Range                    0.89779
                                                             Interquartile Range      0.23221

                             Note: The mode displayed is the smallest of 1000 modes with a count of 55.


                                                     Tests for Location: Mu0=0
 
                                          Test           -Statistic-    -----p Value------

                                          Student's t    t  7136.879    Pr > |t|    <.0001
                                          Sign           M   1475500    Pr >= |M|   <.0001
                                          Signed Rank    S  2.177E12    Pr >= |S|   <.0001


                                                      Quantiles (Definition 5)
 
                                                      Level           Quantile

                                                      100% Max       0.9625639
                                                      99%            0.8621410
                                                      95%            0.8465152
                                                      90%            0.7959790
                                                      75% Q3         0.7654547
                                                      50% Median     0.6693984
                                                      25% Q1         0.5332426
                                                      10%            0.4021026
                                                      5%             0.3480855
                                                      1%             0.2403265
                                                      0% Min         0.0647693


                                                             Var check                               20:25 Friday, April 7, 2017   8

                                                      The UNIVARIATE Procedure
                                               Variable:  ps  (Estimated Probability)

                                                        Extreme Observations
 
                                           -------Lowest------        ------Highest-----
 
                                                Value      Obs            Value      Obs

                                            0.0647693   2.49E6         0.948924   567452
                                            0.0649994   1.56E6         0.954162   1.57E6
                                            0.0747529   2.54E6         0.956504   308301
                                            0.0753893   209865         0.958869   2.92E6
                                            0.0759558   2.82E6         0.962564   753618
                                                             Var check                               20:25 Friday, April 7, 2017   9

                                                      The UNIVARIATE Procedure
                                                            Variable:  w

                                                              Moments

                                  N                     2543000    Sum Weights            2543000
                                  Mean               2.70093008    Sum Observations     6868465.2
                                  Std Deviation      1.64852587    Variance            2.71763756
                                  Skewness           0.95471467    Kurtosis            0.15012631
                                  Uncorrected SS     25462193.9    Corrected SS        6910949.59
                                  Coeff Variation    61.0354887    Std Error Mean      0.00103377


                                                     Basic Statistical Measures
 
                                           Location                    Variability

                                       Mean     2.700930     Std Deviation            1.64853
                                       Median   1.762577     Variance                 2.71764
                                       Mode     1.259799     Range                   22.99309
                                                             Interquartile Range      2.75929

                             Note: The mode displayed is the smallest of 1000 modes with a count of 40.


                                                     Tests for Location: Mu0=0
 
                                          Test           -Statistic-    -----p Value------

                                          Student's t    t  2612.707    Pr > |t|    <.0001
                                          Sign           M   1271500    Pr >= |M|   <.0001
                                          Signed Rank    S  1.617E12    Pr >= |S|   <.0001


                                                      Quantiles (Definition 5)
 
                                                      Level          Quantile

                                                      100% Max       24.03598
                                                      99%             7.61123
                                                      95%             5.62919
                                                      90%             4.77202
                                                      75% Q3          4.12891
                                                      50% Median      1.76258
                                                      25% Q1          1.36962
                                                      10%             1.26457
                                                      5%              1.18651
                                                      1%              1.16146
                                                      0% Min          1.04290


                                                             Var check                               20:25 Friday, April 7, 2017  10

                                                      The UNIVARIATE Procedure
                                                            Variable:  w

                                                        Extreme Observations
 
                                             ------Lowest-----        -----Highest-----
 
                                                Value      Obs           Value      Obs

                                              1.04290   2.92E6         16.4380   607410
                                              1.04804   1.57E6         16.4543   1.56E6
                                              1.05382   567452         16.4915   531855
                                              1.06046   638276         16.5087   2.49E6
                                              1.06078    2.5E6         24.0360   308301


                                                           Missing Values
 
                                                                   -----Percent Of-----
                                            Missing                             Missing
                                              Value       Count     All Obs         Obs

                                                  .      408000       13.83      100.00
                                                             Var check                               20:25 Friday, April 7, 2017  11

                                                      The UNIVARIATE Procedure
                                                           Variable:  sw

                                                              Moments

                                  N                     2543000    Sum Weights            2543000
                                  Mean               1.00201966    Sum Observations       2548136
                                  Std Deviation      0.36370337    Variance            0.13228014
                                  Skewness           2.27019921    Kurtosis            8.16497824
                                  Uncorrected SS     2889670.65    Corrected SS        336388.275
                                  Coeff Variation    36.2970297    Std Error Mean      0.00022807


                                                     Basic Statistical Measures
 
                                           Location                    Variability

                                       Mean     1.002020     Std Deviation            0.36370
                                       Median   0.921050     Variance                 0.13228
                                       Mode     0.804032     Range                    7.93062
                                                             Interquartile Range      0.31517

                             Note: The mode displayed is the smallest of 1000 modes with a count of 40.


                                                     Tests for Location: Mu0=0
 
                                          Test           -Statistic-    -----p Value------

                                          Student's t    t  4393.414    Pr > |t|    <.0001
                                          Sign           M   1271500    Pr >= |M|   <.0001
                                          Signed Rank    S  1.617E12    Pr >= |S|   <.0001


                                                      Quantiles (Definition 5)
 
                                                      Level          Quantile

                                                      100% Max       8.317447
                                                      99%            2.480862
                                                      95%            1.695406
                                                      90%            1.434117
                                                      75% Q3         1.121351
                                                      50% Median     0.921050
                                                      25% Q1         0.806186
                                                      10%            0.698852
                                                      5%             0.582881
                                                      1%             0.484871
                                                      0% Min         0.386832


                                                             Var check                               20:25 Friday, April 7, 2017  12

                                                      The UNIVARIATE Procedure
                                                           Variable:  sw

                                                        Extreme Observations
 
                                            ------Lowest------        -----Highest-----
 
                                                Value      Obs           Value      Obs

                                             0.386832   2.49E6         5.97554   250422
                                             0.386927   1.56E6         6.11485   238618
                                             0.391006   2.54E6         6.67173   1.67E6
                                             0.391275   209865         7.18433   2.59E6
                                             0.391515   2.82E6         8.31745   308301


                                                           Missing Values
 
                                                                   -----Percent Of-----
                                            Missing                             Missing
                                              Value       Count     All Obs         Obs

                                                  .      408000       13.83      100.00
                                                       IP confounding weights                        20:25 Friday, April 7, 2017  13

                                                        The MEANS Procedure

                        Variable          N            Mean         Std Dev         Minimum         Maximum
                        -----------------------------------------------------------------------------------
                        n           2951000       0.1419878    1.083669E-11       0.1419878       0.1419878
                        d           2951000       0.1398989       0.1477300     0.000733527       0.9632133
                        w           2951000       1.0072971       0.4648466       0.1474106      22.6753314
                        -----------------------------------------------------------------------------------
                                                       IP confounding weights                        20:25 Friday, April 7, 2017  14

                                                         The FREQ Procedure

                                                                      Cumulative    Cumulative
                                     drop    Frequency     Percent     Frequency      Percent
                                     ---------------------------------------------------------
                                        0     1296000       79.85       1296000        79.85  
                                        1      327000       20.15       1623000       100.00  
                                               Quantiles of the drop out distribution                20:25 Friday, April 7, 2017  15

                                                         p0     p50    p100

                                                          0    5.43     65 
                                                          0    5.43     65 
                                                          0    5.43     65 
                                                          0    5.43     65 
                                                          0    5.43     65 
                                                          0    5.43     65 
                                                          0    5.43     65 
                                                          0    5.43     65 
                                                          0    5.43     65 
                                                          0    5.43     65 
                                                              Weights                                20:25 Friday, April 7, 2017  16

                                                        The MEANS Procedure

                        Variable          N            Mean         Std Dev         Minimum         Maximum
                        -----------------------------------------------------------------------------------
                        scon        3970000       1.0299785       0.6697726       0.1176572      51.9768973
                        w2          3848000       0.9939495       0.2702225       0.3134595      20.6760552
                        w3          3837000       1.0205066       0.6906612       0.0817382      70.3079562
                        num         4603000       0.8888643       0.1021432       0.7740711       0.9797515
                        den         3848000       0.9172686       0.1004697       0.1973077       0.9999115
                        -----------------------------------------------------------------------------------
                                                             Var check                               20:25 Friday, April 7, 2017  17

                                                        The MEANS Procedure

  Variable     Label                                                      N    N Miss           Mean            Sum        Minimum
  --------------------------------------------------------------------------------------------------------------------------------
  time                                                              3239000         0     36.1166193      116981730      1.3000000
  event1                                                            3239000         0      0.5347329     1732000.00              0
  expo                                                              3157000     82000      0.2195122      693000.00              0
  work                                                              3239000         0      0.2706673      876691.43     -1.1747080
  INCOME       Income. Household income                             3239000         0     44.8521149      145276000     31.0000000
  bied                                                              3239000         0      0.4822306     1561944.79     -1.8144673
  white                                                             3239000         0      0.8566125     2774567.77     -0.7877072
  nobfexp                                                           3239000         0      0.2937572      951479.51     -1.8046811
  P31          P31. Month expect to completely stop breastfeeding   3239000         0     10.9541827    35480597.69     -9.0347968
  careplan                                                          3239000         0      0.7930367     2568645.78     -2.4291292
  ret                                                               3239000         0      0.2992760      969354.88     -1.4061944
  earlyprac                                                         3239000         0      3.1113184    10077560.39     -2.9515270
  noprohelp                                                         3239000         0      0.3664041     1186782.98     -1.5692909
  infageret                                                         3239000         0      8.2269053    26646946.19     -0.4878958
  mbsep1                                                            3239000         0      0.1556238      504065.41     -0.9645462
  lpt                                                               3239000         0      0.0345786      112000.00              0
  wenvir                                                            3239000         0      0.3474330     1125335.35     -3.1120462
  no2worksup                                                        3239000         0      0.0456870      147980.28     -1.0518803
  w3                                                                3157000     82000      1.0395565     3281879.98      0.0817382
  sw                                                                3239000         0      1.0001421     3239460.16      0.6655996
  w                                                                 3239000         0      1.0393321     3366396.66      0.1474106
  w2                                                                3157000     82000      0.9962258     3145084.71      0.3134595
  --------------------------------------------------------------------------------------------------------------------------------

                           Variable     Label                                                     Maximum
                           ------------------------------------------------------------------------------
                           time                                                                64.7100000
                           event1                                                               1.0000000
                           expo                                                                 1.0000000
                           work                                                                 2.2393669
                           INCOME       Income. Household income                               57.0000000
                           bied                                                                 2.4051713
                           white                                                                2.3287173
                           nobfexp                                                              2.3353092
                           P31          P31. Month expect to completely stop breastfeeding     48.0000000
                           careplan                                                             4.4138819
                           ret                                                                  2.1595075
                           earlyprac                                                            9.3298823
                           noprohelp                                                            2.1707904
                           infageret                                                           15.3527302
                           mbsep1                                                               1.5211981
                           lpt                                                                  1.0000000
                           wenvir                                                               8.0000000
                           no2worksup                                                           1.2497153
                           w3                                                                  70.3079562
                           sw                                                                   7.1843314
                           w                                                                   22.6753314
                           w2                                                                  12.4612669
                           ------------------------------------------------------------------------------
                                                        Multiple imputation                          20:25 Friday, April 7, 2017  18

                                                      The MIANALYZE Procedure

                                                         Model Information

                                               Data Set                  WORK.D      
                                               Number of Imputations     1000        


                                              Variance Information (1000 Imputations)
 
                                                                                  Relative       Fraction
                        -----------------Variance-----------------                Increase        Missing       Relative
           Parameter         Between         Within          Total       DF    in Variance    Information     Efficiency

           expo             0.000793       0.002654       0.003448    18847       0.299084       0.230309       0.999770


                                              Parameter Estimates (1000 Imputations)
 
             Parameter        Estimate      Std Error    95% Confidence Limits        DF        Minimum        Maximum

             expo             0.158271       0.058723     0.043169     0.273374    18847       0.047303       0.240649

                                              Parameter Estimates (1000 Imputations)
 
                                                                         t for H0:
                                      Parameter          Theta0   Parameter=Theta0   Pr > |t|

                                      expo                    0               2.70     0.0070
